<?xml version="1.0" ?>
<testsuites disabled="0" errors="0" failures="35" tests="72" time="0.0">
	<testsuite disabled="0" errors="0" failures="35" name="terraform scan" skipped="0" tests="72" time="0">
		<properties>
			<property name="directory" value="['/app']"/>
			<property name="add_check" value="False"/>
			<property name="list" value="False"/>
			<property name="output" value="['junitxml']"/>
			<property name="output_file_path" value="results.xml"/>
			<property name="output_bc_ids" value="False"/>
			<property name="include_all_checkov_policies" value="True"/>
			<property name="quiet" value="False"/>
			<property name="compact" value="False"/>
			<property name="framework" value="['all']"/>
			<property name="skip_framework" value="[]"/>
			<property name="run_all_external_checks" value="False"/>
			<property name="soft_fail" value="False"/>
			<property name="skip_results_upload" value="False"/>
			<property name="repo_id" value="cli_repo/app"/>
			<property name="branch" value="master"/>
			<property name="skip_download" value="False"/>
			<property name="use_enforcement_rules" value="False"/>
			<property name="external_modules_download_path" value=".external_modules"/>
			<property name="evaluate_variables" value="True"/>
			<property name="no_cert_verify" value="False"/>
			<property name="create_baseline" value="False"/>
			<property name="output_baseline_as_skipped" value="False"/>
			<property name="secrets_scan_file_type" value="[]"/>
			<property name="enable_secret_scan_all_files" value="False"/>
			<property name="block_list_secret_scan" value="[]"/>
			<property name="summary_position" value="top"/>
			<property name="skip_resources_without_violations" value="False"/>
			<property name="deep_analysis" value="False"/>
			<property name="no_fail_on_crash" value="False"/>
			<property name="mask" value="defaultdict(&lt;class 'set'&gt;, {})"/>
			<property name="scan_secrets_history" value="False"/>
			<property name="secrets_history_timeout" value="12h"/>
			<property name="custom_tool_name" value="Checkov"/>
		</properties>
		<testcase name="[NONE][CKV_AWS_93] Ensure S3 bucket policy does not lockout all but root user. (Prevent lockouts needing root account fixes)" classname="/imagens3.tf.aws_s3_bucket.bucket" file="/imagens3.tf"/>
		<testcase name="[NONE][CKV_AWS_274] Disallow IAM roles, users, and groups from using the AWS AdministratorAccess policy" classname="/lambda-process.tf.aws_iam_role.lambda_process_exec_role" file="/lambda-process.tf"/>
		<testcase name="[NONE][CKV_AWS_60] Ensure IAM role allows only specific services or principals to assume it" classname="/lambda-process.tf.aws_iam_role.lambda_process_exec_role" file="/lambda-process.tf"/>
		<testcase name="[NONE][CKV_AWS_61] Ensure AWS IAM policy does not allow assume role permission across all services" classname="/lambda-process.tf.aws_iam_role.lambda_process_exec_role" file="/lambda-process.tf"/>
		<testcase name="[NONE][CKV_AWS_288] Ensure IAM policies does not allow data exfiltration" classname="/lambda-process.tf.aws_iam_policy.lambda_policy_process" file="/lambda-process.tf"/>
		<testcase name="[NONE][CKV_AWS_62] Ensure IAM policies that allow full &quot;*-*&quot; administrative privileges are not created" classname="/lambda-process.tf.aws_iam_policy.lambda_policy_process" file="/lambda-process.tf"/>
		<testcase name="[NONE][CKV_AWS_287] Ensure IAM policies does not allow credentials exposure" classname="/lambda-process.tf.aws_iam_policy.lambda_policy_process" file="/lambda-process.tf"/>
		<testcase name="[NONE][CKV_AWS_289] Ensure IAM policies does not allow permissions management / resource exposure without constraints" classname="/lambda-process.tf.aws_iam_policy.lambda_policy_process" file="/lambda-process.tf"/>
		<testcase name="[NONE][CKV_AWS_290] Ensure IAM policies does not allow write access without constraints" classname="/lambda-process.tf.aws_iam_policy.lambda_policy_process" file="/lambda-process.tf"/>
		<testcase name="[NONE][CKV_AWS_63] Ensure no IAM policies documents allow &quot;*&quot; as a statement's actions" classname="/lambda-process.tf.aws_iam_policy.lambda_policy_process" file="/lambda-process.tf"/>
		<testcase name="[NONE][CKV_AWS_286] Ensure IAM policies does not allow privilege escalation" classname="/lambda-process.tf.aws_iam_policy.lambda_policy_process" file="/lambda-process.tf"/>
		<testcase name="[NONE][CKV_AWS_355] Ensure no IAM policies documents allow &quot;*&quot; as a statement's resource for restrictable actions" classname="/lambda-process.tf.aws_iam_policy.lambda_policy_process" file="/lambda-process.tf"/>
		<testcase name="[NONE][CKV_AWS_274] Disallow IAM roles, users, and groups from using the AWS AdministratorAccess policy" classname="/lambda-process.tf.aws_iam_role_policy_attachment.lambda_policy_attachment_process" file="/lambda-process.tf"/>
		<testcase name="[NONE][CKV_AWS_363] Ensure Lambda Runtime is not deprecated" classname="/lambda-process.tf.aws_lambda_function.process" file="/lambda-process.tf"/>
		<testcase name="[NONE][CKV_AWS_45] Ensure no hard-coded secrets exist in lambda environment" classname="/lambda-process.tf.aws_lambda_function.process" file="/lambda-process.tf"/>
		<testcase name="[NONE][CKV_AWS_66] Ensure that CloudWatch Log Group specifies retention days" classname="/lambda-process.tf.aws_cloudwatch_log_group.lambda_logs" file="/lambda-process.tf"/>
		<testcase name="[NONE][CKV_AWS_301] Ensure that AWS Lambda function is not publicly accessible" classname="/lambda-process.tf.aws_lambda_permission.allow_s3" file="/lambda-process.tf"/>
		<testcase name="[NONE][CKV_AWS_364] Ensure that AWS Lambda function permissions delegated to AWS services are limited by SourceArn or SourceAccount" classname="/lambda-process.tf.aws_lambda_permission.allow_s3" file="/lambda-process.tf"/>
		<testcase name="[NONE][CKV_AWS_363] Ensure Lambda Runtime is not deprecated" classname="/lambda_auditoria.tf.aws_lambda_function.auditoria" file="/lambda_auditoria.tf"/>
		<testcase name="[NONE][CKV_AWS_45] Ensure no hard-coded secrets exist in lambda environment" classname="/lambda_auditoria.tf.aws_lambda_function.auditoria" file="/lambda_auditoria.tf"/>
		<testcase name="[NONE][CKV_AWS_363] Ensure Lambda Runtime is not deprecated" classname="/lambda_empleado.tf.aws_lambda_function.empleado" file="/lambda_empleado.tf"/>
		<testcase name="[NONE][CKV_AWS_45] Ensure no hard-coded secrets exist in lambda environment" classname="/lambda_empleado.tf.aws_lambda_function.empleado" file="/lambda_empleado.tf"/>
		<testcase name="[NONE][CKV_AWS_168] Ensure SQS queue policy is not public by only allowing specific services or principals to access it" classname="/lambda_nomina.tf.aws_sqs_queue.auditoria_queue" file="/lambda_nomina.tf"/>
		<testcase name="[NONE][CKV_AWS_363] Ensure Lambda Runtime is not deprecated" classname="/lambda_nomina.tf.aws_lambda_function.nomina" file="/lambda_nomina.tf"/>
		<testcase name="[NONE][CKV_AWS_45] Ensure no hard-coded secrets exist in lambda environment" classname="/lambda_nomina.tf.aws_lambda_function.nomina" file="/lambda_nomina.tf"/>
		<testcase name="[NONE][CKV_AWS_41] Ensure no hard coded AWS access key and secret key exists in provider" classname="/main.tf.aws.default" file="/main.tf"/>
		<testcase name="[NONE][CKV2_AWS_56] Ensure AWS Managed IAMFullAccess IAM policy is not used." classname="/lambda-process.tf.aws_iam_role.lambda_process_exec_role" file="/lambda-process.tf"/>
		<testcase name="[NONE][CKV2_AWS_62] Ensure S3 buckets should have event notifications enabled" classname="/imagens3.tf.aws_s3_bucket.bucket" file="/imagens3.tf"/>
		<testcase name="[NONE][CKV2_AWS_73] Ensure AWS SQS uses CMK not AWS default keys for encryption" classname="/lambda_nomina.tf.aws_sqs_queue.auditoria_queue" file="/lambda_nomina.tf"/>
		<testcase name="[NONE][CKV2_AWS_75] Ensure no open CORS policy" classname="/lambda-process.tf.aws_lambda_function.process" file="/lambda-process.tf"/>
		<testcase name="[NONE][CKV2_AWS_75] Ensure no open CORS policy" classname="/lambda_auditoria.tf.aws_lambda_function.auditoria" file="/lambda_auditoria.tf"/>
		<testcase name="[NONE][CKV2_AWS_75] Ensure no open CORS policy" classname="/lambda_empleado.tf.aws_lambda_function.empleado" file="/lambda_empleado.tf"/>
		<testcase name="[NONE][CKV2_AWS_75] Ensure no open CORS policy" classname="/lambda_nomina.tf.aws_lambda_function.nomina" file="/lambda_nomina.tf"/>
		<testcase name="[NONE][CKV2_AWS_40] Ensure AWS IAM policy does not allow full IAM privileges" classname="/lambda-process.tf.aws_iam_policy.lambda_policy_process" file="/lambda-process.tf"/>
		<testcase name="[NONE][CKV_AWS_20] S3 Bucket has an ACL defined which allows public READ access." classname="/imagens3.tf.aws_s3_bucket.bucket" file="/imagens3.tf"/>
		<testcase name="[NONE][CKV_AWS_57] S3 Bucket has an ACL defined which allows public WRITE access." classname="/imagens3.tf.aws_s3_bucket.bucket" file="/imagens3.tf"/>
		<testcase name="[NONE][CKV_AWS_19] Ensure all data stored in the S3 bucket is securely encrypted at rest" classname="/imagens3.tf.aws_s3_bucket.bucket" file="/imagens3.tf"/>
		<testcase name="[NONE][CKV_AWS_119] Ensure DynamoDB Tables are encrypted using a KMS Customer Managed CMK" classname="/lambda-process.tf.aws_dynamodb_table.vision_clean_images" file="/lambda-process.tf">
			<failure type="failure" message="Ensure DynamoDB Tables are encrypted using a KMS Customer Managed CMK">
Resource: aws_dynamodb_table.vision_clean_images
File: /lambda-process.tf: 21-42
Guideline: https://docs.prismacloud.io/en/enterprise-edition/policy-reference/aws-policies/aws-general-policies/bc-aws-52

		21 | resource &quot;aws_dynamodb_table&quot; &quot;vision_clean_images&quot; {
		22 |   name           = var.dynamodb_table_name
		23 |   billing_mode   = &quot;PROVISIONED&quot;
		24 |   read_capacity  = var.read_capacity
		25 |   write_capacity = var.write_capacity
		26 |   hash_key       = &quot;id&quot;
		27 | 
		28 |   attribute {
		29 |     name = &quot;id&quot;
		30 |     type = &quot;S&quot;
		31 |   }
		32 | 
		33 |   ttl {
		34 |     attribute_name = &quot;img_name&quot;
		35 |     enabled        = false
		36 |   }
		37 | 
		38 |   tags = {
		39 |     Name        = var.dynamodb_table_name
		40 |     Environment = &quot;dev&quot;
		41 |   }
		42 | }
</failure>
		</testcase>
		<testcase name="[NONE][CKV_AWS_28] Ensure DynamoDB point in time recovery (backup) is enabled" classname="/lambda-process.tf.aws_dynamodb_table.vision_clean_images" file="/lambda-process.tf">
			<failure type="failure" message="Ensure DynamoDB point in time recovery (backup) is enabled">
Resource: aws_dynamodb_table.vision_clean_images
File: /lambda-process.tf: 21-42
Guideline: https://docs.prismacloud.io/en/enterprise-edition/policy-reference/aws-policies/aws-general-policies/general-6

		21 | resource &quot;aws_dynamodb_table&quot; &quot;vision_clean_images&quot; {
		22 |   name           = var.dynamodb_table_name
		23 |   billing_mode   = &quot;PROVISIONED&quot;
		24 |   read_capacity  = var.read_capacity
		25 |   write_capacity = var.write_capacity
		26 |   hash_key       = &quot;id&quot;
		27 | 
		28 |   attribute {
		29 |     name = &quot;id&quot;
		30 |     type = &quot;S&quot;
		31 |   }
		32 | 
		33 |   ttl {
		34 |     attribute_name = &quot;img_name&quot;
		35 |     enabled        = false
		36 |   }
		37 | 
		38 |   tags = {
		39 |     Name        = var.dynamodb_table_name
		40 |     Environment = &quot;dev&quot;
		41 |   }
		42 | }
</failure>
		</testcase>
		<testcase name="[NONE][CKV_AWS_272] Ensure AWS Lambda function is configured to validate code-signing" classname="/lambda-process.tf.aws_lambda_function.process" file="/lambda-process.tf">
			<failure type="failure" message="Ensure AWS Lambda function is configured to validate code-signing">
Resource: aws_lambda_function.process
File: /lambda-process.tf: 76-96
Guideline: https://docs.prismacloud.io/en/enterprise-edition/policy-reference/aws-policies/aws-general-policies/bc-aws-272

		76 | resource &quot;aws_lambda_function&quot; &quot;process&quot; {
		77 |   function_name    = var.lambda_function_name
		78 |   handler          = var.lambda_handler
		79 |   runtime          = var.lambda_runtime
		80 |   role             = aws_iam_role.lambda_process_exec_role.arn
		81 |   filename         = data.archive_file.lambda_process.output_path
		82 |   source_code_hash = data.archive_file.lambda_process.output_base64sha256
		83 | 
		84 |   environment {
		85 |     variables = {
		86 |       HELLO = &quot;WORLD&quot;
		87 |     }
		88 |   }
		89 | 
		90 |   tags = {
		91 |     Name        = var.lambda_function_name
		92 |     Environment = &quot;dev&quot;
		93 |   }
		94 | 
		95 |   depends_on = [aws_cloudwatch_log_group.lambda_logs]
		96 | }
</failure>
		</testcase>
		<testcase name="[NONE][CKV_AWS_117] Ensure that AWS Lambda function is configured inside a VPC" classname="/lambda-process.tf.aws_lambda_function.process" file="/lambda-process.tf">
			<failure type="failure" message="Ensure that AWS Lambda function is configured inside a VPC">
Resource: aws_lambda_function.process
File: /lambda-process.tf: 76-96
Guideline: https://docs.prismacloud.io/en/enterprise-edition/policy-reference/aws-policies/aws-general-policies/ensure-that-aws-lambda-function-is-configured-inside-a-vpc-1

		76 | resource &quot;aws_lambda_function&quot; &quot;process&quot; {
		77 |   function_name    = var.lambda_function_name
		78 |   handler          = var.lambda_handler
		79 |   runtime          = var.lambda_runtime
		80 |   role             = aws_iam_role.lambda_process_exec_role.arn
		81 |   filename         = data.archive_file.lambda_process.output_path
		82 |   source_code_hash = data.archive_file.lambda_process.output_base64sha256
		83 | 
		84 |   environment {
		85 |     variables = {
		86 |       HELLO = &quot;WORLD&quot;
		87 |     }
		88 |   }
		89 | 
		90 |   tags = {
		91 |     Name        = var.lambda_function_name
		92 |     Environment = &quot;dev&quot;
		93 |   }
		94 | 
		95 |   depends_on = [aws_cloudwatch_log_group.lambda_logs]
		96 | }
</failure>
		</testcase>
		<testcase name="[NONE][CKV_AWS_115] Ensure that AWS Lambda function is configured for function-level concurrent execution limit" classname="/lambda-process.tf.aws_lambda_function.process" file="/lambda-process.tf">
			<failure type="failure" message="Ensure that AWS Lambda function is configured for function-level concurrent execution limit">
Resource: aws_lambda_function.process
File: /lambda-process.tf: 76-96
Guideline: https://docs.prismacloud.io/en/enterprise-edition/policy-reference/aws-policies/aws-general-policies/ensure-that-aws-lambda-function-is-configured-for-function-level-concurrent-execution-limit

		76 | resource &quot;aws_lambda_function&quot; &quot;process&quot; {
		77 |   function_name    = var.lambda_function_name
		78 |   handler          = var.lambda_handler
		79 |   runtime          = var.lambda_runtime
		80 |   role             = aws_iam_role.lambda_process_exec_role.arn
		81 |   filename         = data.archive_file.lambda_process.output_path
		82 |   source_code_hash = data.archive_file.lambda_process.output_base64sha256
		83 | 
		84 |   environment {
		85 |     variables = {
		86 |       HELLO = &quot;WORLD&quot;
		87 |     }
		88 |   }
		89 | 
		90 |   tags = {
		91 |     Name        = var.lambda_function_name
		92 |     Environment = &quot;dev&quot;
		93 |   }
		94 | 
		95 |   depends_on = [aws_cloudwatch_log_group.lambda_logs]
		96 | }
</failure>
		</testcase>
		<testcase name="[NONE][CKV_AWS_116] Ensure that AWS Lambda function is configured for a Dead Letter Queue(DLQ)" classname="/lambda-process.tf.aws_lambda_function.process" file="/lambda-process.tf">
			<failure type="failure" message="Ensure that AWS Lambda function is configured for a Dead Letter Queue(DLQ)">
Resource: aws_lambda_function.process
File: /lambda-process.tf: 76-96
Guideline: https://docs.prismacloud.io/en/enterprise-edition/policy-reference/aws-policies/aws-general-policies/ensure-that-aws-lambda-function-is-configured-for-a-dead-letter-queue-dlq

		76 | resource &quot;aws_lambda_function&quot; &quot;process&quot; {
		77 |   function_name    = var.lambda_function_name
		78 |   handler          = var.lambda_handler
		79 |   runtime          = var.lambda_runtime
		80 |   role             = aws_iam_role.lambda_process_exec_role.arn
		81 |   filename         = data.archive_file.lambda_process.output_path
		82 |   source_code_hash = data.archive_file.lambda_process.output_base64sha256
		83 | 
		84 |   environment {
		85 |     variables = {
		86 |       HELLO = &quot;WORLD&quot;
		87 |     }
		88 |   }
		89 | 
		90 |   tags = {
		91 |     Name        = var.lambda_function_name
		92 |     Environment = &quot;dev&quot;
		93 |   }
		94 | 
		95 |   depends_on = [aws_cloudwatch_log_group.lambda_logs]
		96 | }
</failure>
		</testcase>
		<testcase name="[NONE][CKV_AWS_50] X-Ray tracing is enabled for Lambda" classname="/lambda-process.tf.aws_lambda_function.process" file="/lambda-process.tf">
			<failure type="failure" message="X-Ray tracing is enabled for Lambda">
Resource: aws_lambda_function.process
File: /lambda-process.tf: 76-96
Guideline: https://docs.prismacloud.io/en/enterprise-edition/policy-reference/aws-policies/aws-serverless-policies/bc-aws-serverless-4

		76 | resource &quot;aws_lambda_function&quot; &quot;process&quot; {
		77 |   function_name    = var.lambda_function_name
		78 |   handler          = var.lambda_handler
		79 |   runtime          = var.lambda_runtime
		80 |   role             = aws_iam_role.lambda_process_exec_role.arn
		81 |   filename         = data.archive_file.lambda_process.output_path
		82 |   source_code_hash = data.archive_file.lambda_process.output_base64sha256
		83 | 
		84 |   environment {
		85 |     variables = {
		86 |       HELLO = &quot;WORLD&quot;
		87 |     }
		88 |   }
		89 | 
		90 |   tags = {
		91 |     Name        = var.lambda_function_name
		92 |     Environment = &quot;dev&quot;
		93 |   }
		94 | 
		95 |   depends_on = [aws_cloudwatch_log_group.lambda_logs]
		96 | }
</failure>
		</testcase>
		<testcase name="[NONE][CKV_AWS_173] Check encryption settings for Lambda environmental variable" classname="/lambda-process.tf.aws_lambda_function.process" file="/lambda-process.tf">
			<failure type="failure" message="Check encryption settings for Lambda environmental variable">
Resource: aws_lambda_function.process
File: /lambda-process.tf: 76-96
Guideline: https://docs.prismacloud.io/en/enterprise-edition/policy-reference/aws-policies/aws-serverless-policies/bc-aws-serverless-5

		76 | resource &quot;aws_lambda_function&quot; &quot;process&quot; {
		77 |   function_name    = var.lambda_function_name
		78 |   handler          = var.lambda_handler
		79 |   runtime          = var.lambda_runtime
		80 |   role             = aws_iam_role.lambda_process_exec_role.arn
		81 |   filename         = data.archive_file.lambda_process.output_path
		82 |   source_code_hash = data.archive_file.lambda_process.output_base64sha256
		83 | 
		84 |   environment {
		85 |     variables = {
		86 |       HELLO = &quot;WORLD&quot;
		87 |     }
		88 |   }
		89 | 
		90 |   tags = {
		91 |     Name        = var.lambda_function_name
		92 |     Environment = &quot;dev&quot;
		93 |   }
		94 | 
		95 |   depends_on = [aws_cloudwatch_log_group.lambda_logs]
		96 | }
</failure>
		</testcase>
		<testcase name="[NONE][CKV_AWS_338] Ensure CloudWatch log groups retains logs for at least 1 year" classname="/lambda-process.tf.aws_cloudwatch_log_group.lambda_logs" file="/lambda-process.tf">
			<failure type="failure" message="Ensure CloudWatch log groups retains logs for at least 1 year">
Resource: aws_cloudwatch_log_group.lambda_logs
File: /lambda-process.tf: 98-106
Guideline: https://docs.prismacloud.io/en/enterprise-edition/policy-reference/aws-policies/aws-logging-policies/bc-aws-338

		98  | resource &quot;aws_cloudwatch_log_group&quot; &quot;lambda_logs&quot; {
		99  |   name              = &quot;/aws/lambda/${var.lambda_function_name}&quot;
		100 |   retention_in_days = 7
		101 | 
		102 |   tags = {
		103 |     Environment = &quot;dev&quot;
		104 |     Function    = var.lambda_function_name
		105 |   }
		106 | }
</failure>
		</testcase>
		<testcase name="[NONE][CKV_AWS_158] Ensure that CloudWatch Log Group is encrypted by KMS" classname="/lambda-process.tf.aws_cloudwatch_log_group.lambda_logs" file="/lambda-process.tf">
			<failure type="failure" message="Ensure that CloudWatch Log Group is encrypted by KMS">
Resource: aws_cloudwatch_log_group.lambda_logs
File: /lambda-process.tf: 98-106
Guideline: https://docs.prismacloud.io/en/enterprise-edition/policy-reference/aws-policies/aws-general-policies/ensure-that-cloudwatch-log-group-is-encrypted-by-kms

		98  | resource &quot;aws_cloudwatch_log_group&quot; &quot;lambda_logs&quot; {
		99  |   name              = &quot;/aws/lambda/${var.lambda_function_name}&quot;
		100 |   retention_in_days = 7
		101 | 
		102 |   tags = {
		103 |     Environment = &quot;dev&quot;
		104 |     Function    = var.lambda_function_name
		105 |   }
		106 | }
</failure>
		</testcase>
		<testcase name="[NONE][CKV_AWS_272] Ensure AWS Lambda function is configured to validate code-signing" classname="/lambda_auditoria.tf.aws_lambda_function.auditoria" file="/lambda_auditoria.tf">
			<failure type="failure" message="Ensure AWS Lambda function is configured to validate code-signing">
Resource: aws_lambda_function.auditoria
File: /lambda_auditoria.tf: 7-19
Guideline: https://docs.prismacloud.io/en/enterprise-edition/policy-reference/aws-policies/aws-general-policies/bc-aws-272

		7  | resource &quot;aws_lambda_function&quot; &quot;auditoria&quot; {
		8  |   function_name = &quot;auditoria&quot;
		9  |   handler       = var.lambda_handler
		10 |   runtime       = var.lambda_runtime
		11 |   role          = aws_iam_role.lambda_process_exec_role.arn
		12 |   filename      = data.archive_file.lambda_auditoria.output_path
		13 |   source_code_hash = data.archive_file.lambda_auditoria.output_base64sha256
		14 | 
		15 |   tags = {
		16 |     Name = &quot;auditoria&quot;
		17 |     Environment = &quot;dev&quot;
		18 |   }
		19 | }
</failure>
		</testcase>
		<testcase name="[NONE][CKV_AWS_117] Ensure that AWS Lambda function is configured inside a VPC" classname="/lambda_auditoria.tf.aws_lambda_function.auditoria" file="/lambda_auditoria.tf">
			<failure type="failure" message="Ensure that AWS Lambda function is configured inside a VPC">
Resource: aws_lambda_function.auditoria
File: /lambda_auditoria.tf: 7-19
Guideline: https://docs.prismacloud.io/en/enterprise-edition/policy-reference/aws-policies/aws-general-policies/ensure-that-aws-lambda-function-is-configured-inside-a-vpc-1

		7  | resource &quot;aws_lambda_function&quot; &quot;auditoria&quot; {
		8  |   function_name = &quot;auditoria&quot;
		9  |   handler       = var.lambda_handler
		10 |   runtime       = var.lambda_runtime
		11 |   role          = aws_iam_role.lambda_process_exec_role.arn
		12 |   filename      = data.archive_file.lambda_auditoria.output_path
		13 |   source_code_hash = data.archive_file.lambda_auditoria.output_base64sha256
		14 | 
		15 |   tags = {
		16 |     Name = &quot;auditoria&quot;
		17 |     Environment = &quot;dev&quot;
		18 |   }
		19 | }
</failure>
		</testcase>
		<testcase name="[NONE][CKV_AWS_115] Ensure that AWS Lambda function is configured for function-level concurrent execution limit" classname="/lambda_auditoria.tf.aws_lambda_function.auditoria" file="/lambda_auditoria.tf">
			<failure type="failure" message="Ensure that AWS Lambda function is configured for function-level concurrent execution limit">
Resource: aws_lambda_function.auditoria
File: /lambda_auditoria.tf: 7-19
Guideline: https://docs.prismacloud.io/en/enterprise-edition/policy-reference/aws-policies/aws-general-policies/ensure-that-aws-lambda-function-is-configured-for-function-level-concurrent-execution-limit

		7  | resource &quot;aws_lambda_function&quot; &quot;auditoria&quot; {
		8  |   function_name = &quot;auditoria&quot;
		9  |   handler       = var.lambda_handler
		10 |   runtime       = var.lambda_runtime
		11 |   role          = aws_iam_role.lambda_process_exec_role.arn
		12 |   filename      = data.archive_file.lambda_auditoria.output_path
		13 |   source_code_hash = data.archive_file.lambda_auditoria.output_base64sha256
		14 | 
		15 |   tags = {
		16 |     Name = &quot;auditoria&quot;
		17 |     Environment = &quot;dev&quot;
		18 |   }
		19 | }
</failure>
		</testcase>
		<testcase name="[NONE][CKV_AWS_116] Ensure that AWS Lambda function is configured for a Dead Letter Queue(DLQ)" classname="/lambda_auditoria.tf.aws_lambda_function.auditoria" file="/lambda_auditoria.tf">
			<failure type="failure" message="Ensure that AWS Lambda function is configured for a Dead Letter Queue(DLQ)">
Resource: aws_lambda_function.auditoria
File: /lambda_auditoria.tf: 7-19
Guideline: https://docs.prismacloud.io/en/enterprise-edition/policy-reference/aws-policies/aws-general-policies/ensure-that-aws-lambda-function-is-configured-for-a-dead-letter-queue-dlq

		7  | resource &quot;aws_lambda_function&quot; &quot;auditoria&quot; {
		8  |   function_name = &quot;auditoria&quot;
		9  |   handler       = var.lambda_handler
		10 |   runtime       = var.lambda_runtime
		11 |   role          = aws_iam_role.lambda_process_exec_role.arn
		12 |   filename      = data.archive_file.lambda_auditoria.output_path
		13 |   source_code_hash = data.archive_file.lambda_auditoria.output_base64sha256
		14 | 
		15 |   tags = {
		16 |     Name = &quot;auditoria&quot;
		17 |     Environment = &quot;dev&quot;
		18 |   }
		19 | }
</failure>
		</testcase>
		<testcase name="[NONE][CKV_AWS_50] X-Ray tracing is enabled for Lambda" classname="/lambda_auditoria.tf.aws_lambda_function.auditoria" file="/lambda_auditoria.tf">
			<failure type="failure" message="X-Ray tracing is enabled for Lambda">
Resource: aws_lambda_function.auditoria
File: /lambda_auditoria.tf: 7-19
Guideline: https://docs.prismacloud.io/en/enterprise-edition/policy-reference/aws-policies/aws-serverless-policies/bc-aws-serverless-4

		7  | resource &quot;aws_lambda_function&quot; &quot;auditoria&quot; {
		8  |   function_name = &quot;auditoria&quot;
		9  |   handler       = var.lambda_handler
		10 |   runtime       = var.lambda_runtime
		11 |   role          = aws_iam_role.lambda_process_exec_role.arn
		12 |   filename      = data.archive_file.lambda_auditoria.output_path
		13 |   source_code_hash = data.archive_file.lambda_auditoria.output_base64sha256
		14 | 
		15 |   tags = {
		16 |     Name = &quot;auditoria&quot;
		17 |     Environment = &quot;dev&quot;
		18 |   }
		19 | }
</failure>
		</testcase>
		<testcase name="[NONE][CKV_AWS_272] Ensure AWS Lambda function is configured to validate code-signing" classname="/lambda_empleado.tf.aws_lambda_function.empleado" file="/lambda_empleado.tf">
			<failure type="failure" message="Ensure AWS Lambda function is configured to validate code-signing">
Resource: aws_lambda_function.empleado
File: /lambda_empleado.tf: 7-25
Guideline: https://docs.prismacloud.io/en/enterprise-edition/policy-reference/aws-policies/aws-general-policies/bc-aws-272

		7  | resource &quot;aws_lambda_function&quot; &quot;empleado&quot; {
		8  |   function_name = &quot;empleado&quot;
		9  |   handler       = var.lambda_handler
		10 |   runtime       = var.lambda_runtime
		11 |   role          = aws_iam_role.lambda_process_exec_role.arn
		12 |   filename      = data.archive_file.lambda_empleado.output_path
		13 |   source_code_hash = data.archive_file.lambda_empleado.output_base64sha256
		14 | 
		15 |   environment {
		16 |     variables = {
		17 |       DYNAMO_TABLE = var.dynamodb_table_name
		18 |     }
		19 |   }
		20 | 
		21 |   tags = {
		22 |     Name = &quot;empleado&quot;
		23 |     Environment = &quot;dev&quot;
		24 |   }
		25 | }
</failure>
		</testcase>
		<testcase name="[NONE][CKV_AWS_117] Ensure that AWS Lambda function is configured inside a VPC" classname="/lambda_empleado.tf.aws_lambda_function.empleado" file="/lambda_empleado.tf">
			<failure type="failure" message="Ensure that AWS Lambda function is configured inside a VPC">
Resource: aws_lambda_function.empleado
File: /lambda_empleado.tf: 7-25
Guideline: https://docs.prismacloud.io/en/enterprise-edition/policy-reference/aws-policies/aws-general-policies/ensure-that-aws-lambda-function-is-configured-inside-a-vpc-1

		7  | resource &quot;aws_lambda_function&quot; &quot;empleado&quot; {
		8  |   function_name = &quot;empleado&quot;
		9  |   handler       = var.lambda_handler
		10 |   runtime       = var.lambda_runtime
		11 |   role          = aws_iam_role.lambda_process_exec_role.arn
		12 |   filename      = data.archive_file.lambda_empleado.output_path
		13 |   source_code_hash = data.archive_file.lambda_empleado.output_base64sha256
		14 | 
		15 |   environment {
		16 |     variables = {
		17 |       DYNAMO_TABLE = var.dynamodb_table_name
		18 |     }
		19 |   }
		20 | 
		21 |   tags = {
		22 |     Name = &quot;empleado&quot;
		23 |     Environment = &quot;dev&quot;
		24 |   }
		25 | }
</failure>
		</testcase>
		<testcase name="[NONE][CKV_AWS_115] Ensure that AWS Lambda function is configured for function-level concurrent execution limit" classname="/lambda_empleado.tf.aws_lambda_function.empleado" file="/lambda_empleado.tf">
			<failure type="failure" message="Ensure that AWS Lambda function is configured for function-level concurrent execution limit">
Resource: aws_lambda_function.empleado
File: /lambda_empleado.tf: 7-25
Guideline: https://docs.prismacloud.io/en/enterprise-edition/policy-reference/aws-policies/aws-general-policies/ensure-that-aws-lambda-function-is-configured-for-function-level-concurrent-execution-limit

		7  | resource &quot;aws_lambda_function&quot; &quot;empleado&quot; {
		8  |   function_name = &quot;empleado&quot;
		9  |   handler       = var.lambda_handler
		10 |   runtime       = var.lambda_runtime
		11 |   role          = aws_iam_role.lambda_process_exec_role.arn
		12 |   filename      = data.archive_file.lambda_empleado.output_path
		13 |   source_code_hash = data.archive_file.lambda_empleado.output_base64sha256
		14 | 
		15 |   environment {
		16 |     variables = {
		17 |       DYNAMO_TABLE = var.dynamodb_table_name
		18 |     }
		19 |   }
		20 | 
		21 |   tags = {
		22 |     Name = &quot;empleado&quot;
		23 |     Environment = &quot;dev&quot;
		24 |   }
		25 | }
</failure>
		</testcase>
		<testcase name="[NONE][CKV_AWS_116] Ensure that AWS Lambda function is configured for a Dead Letter Queue(DLQ)" classname="/lambda_empleado.tf.aws_lambda_function.empleado" file="/lambda_empleado.tf">
			<failure type="failure" message="Ensure that AWS Lambda function is configured for a Dead Letter Queue(DLQ)">
Resource: aws_lambda_function.empleado
File: /lambda_empleado.tf: 7-25
Guideline: https://docs.prismacloud.io/en/enterprise-edition/policy-reference/aws-policies/aws-general-policies/ensure-that-aws-lambda-function-is-configured-for-a-dead-letter-queue-dlq

		7  | resource &quot;aws_lambda_function&quot; &quot;empleado&quot; {
		8  |   function_name = &quot;empleado&quot;
		9  |   handler       = var.lambda_handler
		10 |   runtime       = var.lambda_runtime
		11 |   role          = aws_iam_role.lambda_process_exec_role.arn
		12 |   filename      = data.archive_file.lambda_empleado.output_path
		13 |   source_code_hash = data.archive_file.lambda_empleado.output_base64sha256
		14 | 
		15 |   environment {
		16 |     variables = {
		17 |       DYNAMO_TABLE = var.dynamodb_table_name
		18 |     }
		19 |   }
		20 | 
		21 |   tags = {
		22 |     Name = &quot;empleado&quot;
		23 |     Environment = &quot;dev&quot;
		24 |   }
		25 | }
</failure>
		</testcase>
		<testcase name="[NONE][CKV_AWS_50] X-Ray tracing is enabled for Lambda" classname="/lambda_empleado.tf.aws_lambda_function.empleado" file="/lambda_empleado.tf">
			<failure type="failure" message="X-Ray tracing is enabled for Lambda">
Resource: aws_lambda_function.empleado
File: /lambda_empleado.tf: 7-25
Guideline: https://docs.prismacloud.io/en/enterprise-edition/policy-reference/aws-policies/aws-serverless-policies/bc-aws-serverless-4

		7  | resource &quot;aws_lambda_function&quot; &quot;empleado&quot; {
		8  |   function_name = &quot;empleado&quot;
		9  |   handler       = var.lambda_handler
		10 |   runtime       = var.lambda_runtime
		11 |   role          = aws_iam_role.lambda_process_exec_role.arn
		12 |   filename      = data.archive_file.lambda_empleado.output_path
		13 |   source_code_hash = data.archive_file.lambda_empleado.output_base64sha256
		14 | 
		15 |   environment {
		16 |     variables = {
		17 |       DYNAMO_TABLE = var.dynamodb_table_name
		18 |     }
		19 |   }
		20 | 
		21 |   tags = {
		22 |     Name = &quot;empleado&quot;
		23 |     Environment = &quot;dev&quot;
		24 |   }
		25 | }
</failure>
		</testcase>
		<testcase name="[NONE][CKV_AWS_173] Check encryption settings for Lambda environmental variable" classname="/lambda_empleado.tf.aws_lambda_function.empleado" file="/lambda_empleado.tf">
			<failure type="failure" message="Check encryption settings for Lambda environmental variable">
Resource: aws_lambda_function.empleado
File: /lambda_empleado.tf: 7-25
Guideline: https://docs.prismacloud.io/en/enterprise-edition/policy-reference/aws-policies/aws-serverless-policies/bc-aws-serverless-5

		7  | resource &quot;aws_lambda_function&quot; &quot;empleado&quot; {
		8  |   function_name = &quot;empleado&quot;
		9  |   handler       = var.lambda_handler
		10 |   runtime       = var.lambda_runtime
		11 |   role          = aws_iam_role.lambda_process_exec_role.arn
		12 |   filename      = data.archive_file.lambda_empleado.output_path
		13 |   source_code_hash = data.archive_file.lambda_empleado.output_base64sha256
		14 | 
		15 |   environment {
		16 |     variables = {
		17 |       DYNAMO_TABLE = var.dynamodb_table_name
		18 |     }
		19 |   }
		20 | 
		21 |   tags = {
		22 |     Name = &quot;empleado&quot;
		23 |     Environment = &quot;dev&quot;
		24 |   }
		25 | }
</failure>
		</testcase>
		<testcase name="[NONE][CKV_AWS_27] Ensure all data stored in the SQS queue is encrypted" classname="/lambda_nomina.tf.aws_sqs_queue.auditoria_queue" file="/lambda_nomina.tf">
			<failure type="failure" message="Ensure all data stored in the SQS queue is encrypted">
Resource: aws_sqs_queue.auditoria_queue
File: /lambda_nomina.tf: 1-3
Guideline: https://docs.prismacloud.io/en/enterprise-edition/policy-reference/aws-policies/aws-general-policies/general-16-encrypt-sqs-queue

		1 | resource &quot;aws_sqs_queue&quot; &quot;auditoria_queue&quot; {
		2 |   name = &quot;auditoria-queue&quot;
		3 | }
</failure>
		</testcase>
		<testcase name="[NONE][CKV_AWS_272] Ensure AWS Lambda function is configured to validate code-signing" classname="/lambda_nomina.tf.aws_lambda_function.nomina" file="/lambda_nomina.tf">
			<failure type="failure" message="Ensure AWS Lambda function is configured to validate code-signing">
Resource: aws_lambda_function.nomina
File: /lambda_nomina.tf: 11-29
Guideline: https://docs.prismacloud.io/en/enterprise-edition/policy-reference/aws-policies/aws-general-policies/bc-aws-272

		11 | resource &quot;aws_lambda_function&quot; &quot;nomina&quot; {
		12 |   function_name = &quot;nomina&quot;
		13 |   handler       = var.lambda_handler
		14 |   runtime       = var.lambda_runtime
		15 |   role          = aws_iam_role.lambda_process_exec_role.arn
		16 |   filename      = data.archive_file.lambda_nomina.output_path
		17 |   source_code_hash = data.archive_file.lambda_nomina.output_base64sha256
		18 | 
		19 |   environment {
		20 |     variables = {
		21 |       QUEUE_URL = aws_sqs_queue.auditoria_queue.id
		22 |     }
		23 |   }
		24 | 
		25 |   tags = {
		26 |     Name = &quot;nomina&quot;
		27 |     Environment = &quot;dev&quot;
		28 |   }
		29 | }
</failure>
		</testcase>
		<testcase name="[NONE][CKV_AWS_117] Ensure that AWS Lambda function is configured inside a VPC" classname="/lambda_nomina.tf.aws_lambda_function.nomina" file="/lambda_nomina.tf">
			<failure type="failure" message="Ensure that AWS Lambda function is configured inside a VPC">
Resource: aws_lambda_function.nomina
File: /lambda_nomina.tf: 11-29
Guideline: https://docs.prismacloud.io/en/enterprise-edition/policy-reference/aws-policies/aws-general-policies/ensure-that-aws-lambda-function-is-configured-inside-a-vpc-1

		11 | resource &quot;aws_lambda_function&quot; &quot;nomina&quot; {
		12 |   function_name = &quot;nomina&quot;
		13 |   handler       = var.lambda_handler
		14 |   runtime       = var.lambda_runtime
		15 |   role          = aws_iam_role.lambda_process_exec_role.arn
		16 |   filename      = data.archive_file.lambda_nomina.output_path
		17 |   source_code_hash = data.archive_file.lambda_nomina.output_base64sha256
		18 | 
		19 |   environment {
		20 |     variables = {
		21 |       QUEUE_URL = aws_sqs_queue.auditoria_queue.id
		22 |     }
		23 |   }
		24 | 
		25 |   tags = {
		26 |     Name = &quot;nomina&quot;
		27 |     Environment = &quot;dev&quot;
		28 |   }
		29 | }
</failure>
		</testcase>
		<testcase name="[NONE][CKV_AWS_115] Ensure that AWS Lambda function is configured for function-level concurrent execution limit" classname="/lambda_nomina.tf.aws_lambda_function.nomina" file="/lambda_nomina.tf">
			<failure type="failure" message="Ensure that AWS Lambda function is configured for function-level concurrent execution limit">
Resource: aws_lambda_function.nomina
File: /lambda_nomina.tf: 11-29
Guideline: https://docs.prismacloud.io/en/enterprise-edition/policy-reference/aws-policies/aws-general-policies/ensure-that-aws-lambda-function-is-configured-for-function-level-concurrent-execution-limit

		11 | resource &quot;aws_lambda_function&quot; &quot;nomina&quot; {
		12 |   function_name = &quot;nomina&quot;
		13 |   handler       = var.lambda_handler
		14 |   runtime       = var.lambda_runtime
		15 |   role          = aws_iam_role.lambda_process_exec_role.arn
		16 |   filename      = data.archive_file.lambda_nomina.output_path
		17 |   source_code_hash = data.archive_file.lambda_nomina.output_base64sha256
		18 | 
		19 |   environment {
		20 |     variables = {
		21 |       QUEUE_URL = aws_sqs_queue.auditoria_queue.id
		22 |     }
		23 |   }
		24 | 
		25 |   tags = {
		26 |     Name = &quot;nomina&quot;
		27 |     Environment = &quot;dev&quot;
		28 |   }
		29 | }
</failure>
		</testcase>
		<testcase name="[NONE][CKV_AWS_116] Ensure that AWS Lambda function is configured for a Dead Letter Queue(DLQ)" classname="/lambda_nomina.tf.aws_lambda_function.nomina" file="/lambda_nomina.tf">
			<failure type="failure" message="Ensure that AWS Lambda function is configured for a Dead Letter Queue(DLQ)">
Resource: aws_lambda_function.nomina
File: /lambda_nomina.tf: 11-29
Guideline: https://docs.prismacloud.io/en/enterprise-edition/policy-reference/aws-policies/aws-general-policies/ensure-that-aws-lambda-function-is-configured-for-a-dead-letter-queue-dlq

		11 | resource &quot;aws_lambda_function&quot; &quot;nomina&quot; {
		12 |   function_name = &quot;nomina&quot;
		13 |   handler       = var.lambda_handler
		14 |   runtime       = var.lambda_runtime
		15 |   role          = aws_iam_role.lambda_process_exec_role.arn
		16 |   filename      = data.archive_file.lambda_nomina.output_path
		17 |   source_code_hash = data.archive_file.lambda_nomina.output_base64sha256
		18 | 
		19 |   environment {
		20 |     variables = {
		21 |       QUEUE_URL = aws_sqs_queue.auditoria_queue.id
		22 |     }
		23 |   }
		24 | 
		25 |   tags = {
		26 |     Name = &quot;nomina&quot;
		27 |     Environment = &quot;dev&quot;
		28 |   }
		29 | }
</failure>
		</testcase>
		<testcase name="[NONE][CKV_AWS_50] X-Ray tracing is enabled for Lambda" classname="/lambda_nomina.tf.aws_lambda_function.nomina" file="/lambda_nomina.tf">
			<failure type="failure" message="X-Ray tracing is enabled for Lambda">
Resource: aws_lambda_function.nomina
File: /lambda_nomina.tf: 11-29
Guideline: https://docs.prismacloud.io/en/enterprise-edition/policy-reference/aws-policies/aws-serverless-policies/bc-aws-serverless-4

		11 | resource &quot;aws_lambda_function&quot; &quot;nomina&quot; {
		12 |   function_name = &quot;nomina&quot;
		13 |   handler       = var.lambda_handler
		14 |   runtime       = var.lambda_runtime
		15 |   role          = aws_iam_role.lambda_process_exec_role.arn
		16 |   filename      = data.archive_file.lambda_nomina.output_path
		17 |   source_code_hash = data.archive_file.lambda_nomina.output_base64sha256
		18 | 
		19 |   environment {
		20 |     variables = {
		21 |       QUEUE_URL = aws_sqs_queue.auditoria_queue.id
		22 |     }
		23 |   }
		24 | 
		25 |   tags = {
		26 |     Name = &quot;nomina&quot;
		27 |     Environment = &quot;dev&quot;
		28 |   }
		29 | }
</failure>
		</testcase>
		<testcase name="[NONE][CKV_AWS_173] Check encryption settings for Lambda environmental variable" classname="/lambda_nomina.tf.aws_lambda_function.nomina" file="/lambda_nomina.tf">
			<failure type="failure" message="Check encryption settings for Lambda environmental variable">
Resource: aws_lambda_function.nomina
File: /lambda_nomina.tf: 11-29
Guideline: https://docs.prismacloud.io/en/enterprise-edition/policy-reference/aws-policies/aws-serverless-policies/bc-aws-serverless-5

		11 | resource &quot;aws_lambda_function&quot; &quot;nomina&quot; {
		12 |   function_name = &quot;nomina&quot;
		13 |   handler       = var.lambda_handler
		14 |   runtime       = var.lambda_runtime
		15 |   role          = aws_iam_role.lambda_process_exec_role.arn
		16 |   filename      = data.archive_file.lambda_nomina.output_path
		17 |   source_code_hash = data.archive_file.lambda_nomina.output_base64sha256
		18 | 
		19 |   environment {
		20 |     variables = {
		21 |       QUEUE_URL = aws_sqs_queue.auditoria_queue.id
		22 |     }
		23 |   }
		24 | 
		25 |   tags = {
		26 |     Name = &quot;nomina&quot;
		27 |     Environment = &quot;dev&quot;
		28 |   }
		29 | }
</failure>
		</testcase>
		<testcase name="[NONE][CKV_AWS_21] Ensure all data stored in the S3 bucket have versioning enabled" classname="/imagens3.tf.aws_s3_bucket.bucket" file="/imagens3.tf">
			<failure type="failure" message="Ensure all data stored in the S3 bucket have versioning enabled">
Resource: aws_s3_bucket.bucket
File: /imagens3.tf: 1-3
Guideline: https://docs.prismacloud.io/en/enterprise-edition/policy-reference/aws-policies/s3-policies/s3-16-enable-versioning

		1 | resource &quot;aws_s3_bucket&quot; &quot;bucket&quot; {
		2 |    bucket = &quot;process-bucket-proyecto-imagen&quot;
		3 |     }</failure>
		</testcase>
		<testcase name="[NONE][CKV_AWS_144] Ensure that S3 bucket has cross-region replication enabled" classname="/imagens3.tf.aws_s3_bucket.bucket" file="/imagens3.tf">
			<failure type="failure" message="Ensure that S3 bucket has cross-region replication enabled">
Resource: aws_s3_bucket.bucket
File: /imagens3.tf: 1-3
Guideline: https://docs.prismacloud.io/en/enterprise-edition/policy-reference/aws-policies/aws-general-policies/ensure-that-s3-bucket-has-cross-region-replication-enabled

		1 | resource &quot;aws_s3_bucket&quot; &quot;bucket&quot; {
		2 |    bucket = &quot;process-bucket-proyecto-imagen&quot;
		3 |     }</failure>
		</testcase>
		<testcase name="[NONE][CKV2_AWS_16] Ensure that Auto Scaling is enabled on your DynamoDB tables" classname="/lambda-process.tf.aws_dynamodb_table.vision_clean_images" file="/lambda-process.tf">
			<failure type="failure" message="Ensure that Auto Scaling is enabled on your DynamoDB tables">
Resource: aws_dynamodb_table.vision_clean_images
File: /lambda-process.tf: 21-42
Guideline: https://docs.prismacloud.io/en/enterprise-edition/policy-reference/aws-policies/aws-general-policies/ensure-that-auto-scaling-is-enabled-on-your-dynamodb-tables

		21 | resource &quot;aws_dynamodb_table&quot; &quot;vision_clean_images&quot; {
		22 |   name           = var.dynamodb_table_name
		23 |   billing_mode   = &quot;PROVISIONED&quot;
		24 |   read_capacity  = var.read_capacity
		25 |   write_capacity = var.write_capacity
		26 |   hash_key       = &quot;id&quot;
		27 | 
		28 |   attribute {
		29 |     name = &quot;id&quot;
		30 |     type = &quot;S&quot;
		31 |   }
		32 | 
		33 |   ttl {
		34 |     attribute_name = &quot;img_name&quot;
		35 |     enabled        = false
		36 |   }
		37 | 
		38 |   tags = {
		39 |     Name        = var.dynamodb_table_name
		40 |     Environment = &quot;dev&quot;
		41 |   }
		42 | }
</failure>
		</testcase>
		<testcase name="[NONE][CKV2_AWS_6] Ensure that S3 bucket has a Public Access block" classname="/imagens3.tf.aws_s3_bucket.bucket" file="/imagens3.tf">
			<failure type="failure" message="Ensure that S3 bucket has a Public Access block">
Resource: aws_s3_bucket.bucket
File: /imagens3.tf: 1-3
Guideline: https://docs.prismacloud.io/en/enterprise-edition/policy-reference/aws-policies/aws-networking-policies/s3-bucket-should-have-public-access-blocks-defaults-to-false-if-the-public-access-block-is-not-attached

		1 | resource &quot;aws_s3_bucket&quot; &quot;bucket&quot; {
		2 |    bucket = &quot;process-bucket-proyecto-imagen&quot;
		3 |     }</failure>
		</testcase>
		<testcase name="[NONE][CKV_AWS_18] Ensure the S3 bucket has access logging enabled" classname="/imagens3.tf.aws_s3_bucket.bucket" file="/imagens3.tf">
			<failure type="failure" message="Ensure the S3 bucket has access logging enabled">
Resource: aws_s3_bucket.bucket
File: /imagens3.tf: 1-3
Guideline: https://docs.prismacloud.io/en/enterprise-edition/policy-reference/aws-policies/s3-policies/s3-13-enable-logging

		1 | resource &quot;aws_s3_bucket&quot; &quot;bucket&quot; {
		2 |    bucket = &quot;process-bucket-proyecto-imagen&quot;
		3 |     }</failure>
		</testcase>
		<testcase name="[NONE][CKV2_AWS_61] Ensure that an S3 bucket has a lifecycle configuration" classname="/imagens3.tf.aws_s3_bucket.bucket" file="/imagens3.tf">
			<failure type="failure" message="Ensure that an S3 bucket has a lifecycle configuration">
Resource: aws_s3_bucket.bucket
File: /imagens3.tf: 1-3
Guideline: https://docs.prismacloud.io/en/enterprise-edition/policy-reference/aws-policies/aws-logging-policies/bc-aws-2-61

		1 | resource &quot;aws_s3_bucket&quot; &quot;bucket&quot; {
		2 |    bucket = &quot;process-bucket-proyecto-imagen&quot;
		3 |     }</failure>
		</testcase>
		<testcase name="[NONE][CKV_AWS_145] Ensure that S3 buckets are encrypted with KMS by default" classname="/imagens3.tf.aws_s3_bucket.bucket" file="/imagens3.tf">
			<failure type="failure" message="Ensure that S3 buckets are encrypted with KMS by default">
Resource: aws_s3_bucket.bucket
File: /imagens3.tf: 1-3
Guideline: https://docs.prismacloud.io/en/enterprise-edition/policy-reference/aws-policies/aws-general-policies/ensure-that-s3-buckets-are-encrypted-with-kms-by-default

		1 | resource &quot;aws_s3_bucket&quot; &quot;bucket&quot; {
		2 |    bucket = &quot;process-bucket-proyecto-imagen&quot;
		3 |     }</failure>
		</testcase>
	</testsuite>
</testsuites>
